<?xml version="1.0" encoding="UTF-8"?>
<!-- Generated by org.testng.reporters.JUnitReportReporter -->
<testsuite hostname="IRS-TES-LW-0017" failures="0" tests="2" name="Gaincare.gaincare_Test" time="12.269" errors="0" timestamp="06 Jul 2023 16:06:59 GMT" skipped="1">
  <testcase classname="Gaincare.gaincare_Test" name="loginpage" time="12.269"/>
  <testcase classname="Gaincare.gaincare_Test" name="loginpage2">
    <skipped/>
  </testcase> <!-- loginpage2 -->
</testsuite> <!-- Gaincare.gaincare_Test -->
